STATUS | wrapper  | 2021/11/20 19:01:15 | --> Wrapper Started as Console
STATUS | wrapper  | 2021/11/20 19:01:15 | Launching a JVM...
INFO   | jvm 1    | 2021/11/20 19:01:17 | Wrapper (Version 3.2.3) http://wrapper.tanukisoftware.org
INFO   | jvm 1    | 2021/11/20 19:01:17 |   Copyright 1999-2006 Tanuki Software, Inc.  All Rights Reserved.
INFO   | jvm 1    | 2021/11/20 19:01:17 | 
INFO   | jvm 1    | 2021/11/20 19:01:17 | Java Runtime: Oracle Corporation 11.0.13 C:\Program Files\Java\jdk-11.0.13
INFO   | jvm 1    | 2021/11/20 19:01:17 |   Heap sizes: current=260096k  free=249856k  max=1048576k
INFO   | jvm 1    | 2021/11/20 19:01:17 |     JVM args: -Dactivemq.home=../.. -Dactivemq.base=../.. -Djavax.net.ssl.keyStorePassword=password -Djavax.net.ssl.trustStorePassword=password -Djavax.net.ssl.keyStore=../../conf/broker.ks -Djavax.net.ssl.trustStore=../../conf/broker.ts -Dcom.sun.management.jmxremote -Dorg.apache.activemq.UseDedicatedTaskRunner=true -Djava.util.logging.config.file=logging.properties -Dactivemq.conf=../../conf -Dactivemq.data=../../data -Djava.security.auth.login.config=../../conf/login.config -Xmx1024m -Djava.library.path=../../bin/win64 -Dwrapper.key=cieoEbMyzZwJP9om -Dwrapper.port=32000 -Dwrapper.jvm.port.min=31000 -Dwrapper.jvm.port.max=31999 -Dwrapper.pid=18960 -Dwrapper.version=3.2.3 -Dwrapper.native_library=wrapper -Dwrapper.cpu.timeout=10 -Dwrapper.jvmid=1
INFO   | jvm 1    | 2021/11/20 19:01:17 | Extensions classpath:
INFO   | jvm 1    | 2021/11/20 19:01:17 |   [..\..\lib,..\..\lib\camel,..\..\lib\optional,..\..\lib\web,..\..\lib\extra]
INFO   | jvm 1    | 2021/11/20 19:01:17 | ACTIVEMQ_HOME: ..\..
INFO   | jvm 1    | 2021/11/20 19:01:17 | ACTIVEMQ_BASE: ..\..
INFO   | jvm 1    | 2021/11/20 19:01:17 | ACTIVEMQ_CONF: ..\..\conf
INFO   | jvm 1    | 2021/11/20 19:01:17 | ACTIVEMQ_DATA: ..\..\data
INFO   | jvm 1    | 2021/11/20 19:01:17 | Loading message broker from: xbean:activemq.xml
INFO   | jvm 1    | 2021/11/20 19:01:17 |  INFO | Refreshing org.apache.activemq.xbean.XBeanBrokerFactory$1@a034a1: startup date [Sat Nov 20 19:01:17 ICT 2021]; root of context hierarchy
INFO   | jvm 1    | 2021/11/20 19:01:19 |  INFO | Using Persistence Adapter: KahaDBPersistenceAdapter[C:\Users\ASUS\Downloads\apache-activemq-5.16.3-bin\apache-activemq-5.16.3\bin\win64\..\..\data\kahadb]
INFO   | jvm 1    | 2021/11/20 19:01:20 |  INFO | PListStore:[C:\Users\ASUS\Downloads\apache-activemq-5.16.3-bin\apache-activemq-5.16.3\bin\win64\..\..\data\localhost\tmp_storage] started
INFO   | jvm 1    | 2021/11/20 19:01:20 |  INFO | Apache ActiveMQ 5.16.3 (localhost, ID:LAPTOP-MSNJ2LSA-1282-1637409680173-0:1) is starting
INFO   | jvm 1    | 2021/11/20 19:01:20 |  INFO | Listening for connections at: tcp://LAPTOP-MSNJ2LSA:61616?maximumConnections=1000&wireFormat.maxFrameSize=104857600
INFO   | jvm 1    | 2021/11/20 19:01:20 |  INFO | Connector openwire started
INFO   | jvm 1    | 2021/11/20 19:01:20 |  INFO | Listening for connections at: amqp://LAPTOP-MSNJ2LSA:5672?maximumConnections=1000&wireFormat.maxFrameSize=104857600
INFO   | jvm 1    | 2021/11/20 19:01:20 |  INFO | Connector amqp started
INFO   | jvm 1    | 2021/11/20 19:01:20 |  INFO | Listening for connections at: stomp://LAPTOP-MSNJ2LSA:61613?maximumConnections=1000&wireFormat.maxFrameSize=104857600
INFO   | jvm 1    | 2021/11/20 19:01:20 |  INFO | Connector stomp started
INFO   | jvm 1    | 2021/11/20 19:01:20 |  INFO | Listening for connections at: mqtt://LAPTOP-MSNJ2LSA:1883?maximumConnections=1000&wireFormat.maxFrameSize=104857600
INFO   | jvm 1    | 2021/11/20 19:01:20 |  INFO | Connector mqtt started
INFO   | jvm 1    | 2021/11/20 19:01:20 |  INFO | Starting Jetty server
INFO   | jvm 1    | 2021/11/20 19:01:20 |  INFO | Creating Jetty connector
INFO   | jvm 1    | 2021/11/20 19:01:20 |  WARN | ServletContext@o.e.j.s.ServletContextHandler@79f7836c{/,null,STARTING} has uncovered http methods for path: /
INFO   | jvm 1    | 2021/11/20 19:01:21 |  INFO | Listening for connections at ws://LAPTOP-MSNJ2LSA:61614?maximumConnections=1000&wireFormat.maxFrameSize=104857600
INFO   | jvm 1    | 2021/11/20 19:01:21 |  INFO | Connector ws started
INFO   | jvm 1    | 2021/11/20 19:01:21 |  INFO | Apache ActiveMQ 5.16.3 (localhost, ID:LAPTOP-MSNJ2LSA-1282-1637409680173-0:1) started
INFO   | jvm 1    | 2021/11/20 19:01:21 |  INFO | For help or more information please see: http://activemq.apache.org
INFO   | jvm 1    | 2021/11/20 19:01:21 |  WARN | Store limit is 102400 mb (current store usage is 0 mb). The data directory: C:\Users\ASUS\Downloads\apache-activemq-5.16.3-bin\apache-activemq-5.16.3\bin\win64\..\..\data\kahadb only has 5150 mb of usable space. - resetting to maximum available disk space: 5150 mb
INFO   | jvm 1    | 2021/11/20 19:01:21 |  WARN | Temporary Store limit is 51200 mb (current store usage is 0 mb). The data directory: C:\Users\ASUS\Downloads\apache-activemq-5.16.3-bin\apache-activemq-5.16.3\bin\win64\..\..\data only has 5150 mb of usable space. - resetting to maximum available disk space: 5150 mb
INFO   | jvm 1    | 2021/11/20 19:01:24 |  INFO | ActiveMQ WebConsole available at http://127.0.0.1:8161/
INFO   | jvm 1    | 2021/11/20 19:01:24 |  INFO | ActiveMQ Jolokia REST API available at http://127.0.0.1:8161/api/jolokia/
STATUS | wrapper  | 2021/11/20 19:03:06 | CTRL-C trapped.  Shutting down.
INFO   | jvm 1    | 2021/11/20 19:03:08 |  INFO | Apache ActiveMQ 5.16.3 (localhost, ID:LAPTOP-MSNJ2LSA-1282-1637409680173-0:1) is shutting down
INFO   | jvm 1    | 2021/11/20 19:03:08 |  INFO | Connector openwire stopped
INFO   | jvm 1    | 2021/11/20 19:03:08 |  INFO | Connector amqp stopped
INFO   | jvm 1    | 2021/11/20 19:03:08 |  INFO | Connector stomp stopped
INFO   | jvm 1    | 2021/11/20 19:03:08 |  INFO | Connector mqtt stopped
INFO   | jvm 1    | 2021/11/20 19:03:08 |  INFO | Connector ws stopped
INFO   | jvm 1    | 2021/11/20 19:03:08 |  INFO | PListStore:[C:\Users\ASUS\Downloads\apache-activemq-5.16.3-bin\apache-activemq-5.16.3\bin\win64\..\..\data\localhost\tmp_storage] stopped
INFO   | jvm 1    | 2021/11/20 19:03:08 |  INFO | Stopping async queue tasks
INFO   | jvm 1    | 2021/11/20 19:03:08 |  INFO | Stopping async topic tasks
INFO   | jvm 1    | 2021/11/20 19:03:08 |  INFO | Stopped KahaDB
INFO   | jvm 1    | 2021/11/20 19:03:08 |  INFO | Apache ActiveMQ 5.16.3 (localhost, ID:LAPTOP-MSNJ2LSA-1282-1637409680173-0:1) uptime 1 minute
INFO   | jvm 1    | 2021/11/20 19:03:08 |  INFO | Apache ActiveMQ 5.16.3 (localhost, ID:LAPTOP-MSNJ2LSA-1282-1637409680173-0:1) is shutdown
INFO   | jvm 1    | 2021/11/20 19:03:08 |  INFO | Closing org.apache.activemq.xbean.XBeanBrokerFactory$1@a034a1: startup date [Sat Nov 20 19:01:17 ICT 2021]; root of context hierarchy
STATUS | wrapper  | 2021/11/20 19:03:08 | <-- Wrapper Stopped
STATUS | wrapper  | 2021/11/20 20:36:01 | --> Wrapper Started as Console
STATUS | wrapper  | 2021/11/20 20:36:02 | Launching a JVM...
INFO   | jvm 1    | 2021/11/20 20:36:02 | Wrapper (Version 3.2.3) http://wrapper.tanukisoftware.org
INFO   | jvm 1    | 2021/11/20 20:36:02 |   Copyright 1999-2006 Tanuki Software, Inc.  All Rights Reserved.
INFO   | jvm 1    | 2021/11/20 20:36:02 | 
INFO   | jvm 1    | 2021/11/20 20:36:03 | Java Runtime: Oracle Corporation 11.0.13 C:\Program Files\Java\jdk-11.0.13
INFO   | jvm 1    | 2021/11/20 20:36:03 |   Heap sizes: current=260096k  free=249856k  max=1048576k
INFO   | jvm 1    | 2021/11/20 20:36:03 |     JVM args: -Dactivemq.home=../.. -Dactivemq.base=../.. -Djavax.net.ssl.keyStorePassword=password -Djavax.net.ssl.trustStorePassword=password -Djavax.net.ssl.keyStore=../../conf/broker.ks -Djavax.net.ssl.trustStore=../../conf/broker.ts -Dcom.sun.management.jmxremote -Dorg.apache.activemq.UseDedicatedTaskRunner=true -Djava.util.logging.config.file=logging.properties -Dactivemq.conf=../../conf -Dactivemq.data=../../data -Djava.security.auth.login.config=../../conf/login.config -Xmx1024m -Djava.library.path=../../bin/win64 -Dwrapper.key=KuVsvucKwW1EPq74 -Dwrapper.port=32000 -Dwrapper.jvm.port.min=31000 -Dwrapper.jvm.port.max=31999 -Dwrapper.pid=18772 -Dwrapper.version=3.2.3 -Dwrapper.native_library=wrapper -Dwrapper.cpu.timeout=10 -Dwrapper.jvmid=1
INFO   | jvm 1    | 2021/11/20 20:36:03 | Extensions classpath:
INFO   | jvm 1    | 2021/11/20 20:36:03 |   [..\..\lib,..\..\lib\camel,..\..\lib\optional,..\..\lib\web,..\..\lib\extra]
INFO   | jvm 1    | 2021/11/20 20:36:03 | ACTIVEMQ_HOME: ..\..
INFO   | jvm 1    | 2021/11/20 20:36:03 | ACTIVEMQ_BASE: ..\..
INFO   | jvm 1    | 2021/11/20 20:36:03 | ACTIVEMQ_CONF: ..\..\conf
INFO   | jvm 1    | 2021/11/20 20:36:03 | ACTIVEMQ_DATA: ..\..\data
INFO   | jvm 1    | 2021/11/20 20:36:03 | Loading message broker from: xbean:activemq.xml
INFO   | jvm 1    | 2021/11/20 20:36:03 |  INFO | Refreshing org.apache.activemq.xbean.XBeanBrokerFactory$1@50d8bb46: startup date [Sat Nov 20 20:36:03 ICT 2021]; root of context hierarchy
INFO   | jvm 1    | 2021/11/20 20:36:04 |  INFO | Using Persistence Adapter: KahaDBPersistenceAdapter[C:\Users\ASUS\Downloads\apache-activemq-5.16.3-bin\apache-activemq-5.16.3\bin\win64\..\..\data\kahadb]
INFO   | jvm 1    | 2021/11/20 20:36:04 |  INFO | KahaDB is version 7
INFO   | jvm 1    | 2021/11/20 20:36:04 |  INFO | PListStore:[C:\Users\ASUS\Downloads\apache-activemq-5.16.3-bin\apache-activemq-5.16.3\bin\win64\..\..\data\localhost\tmp_storage] started
INFO   | jvm 1    | 2021/11/20 20:36:04 |  INFO | Apache ActiveMQ 5.16.3 (localhost, ID:LAPTOP-MSNJ2LSA-1156-1637415364343-0:1) is starting
INFO   | jvm 1    | 2021/11/20 20:36:04 |  INFO | Listening for connections at: tcp://LAPTOP-MSNJ2LSA:61616?maximumConnections=1000&wireFormat.maxFrameSize=104857600
INFO   | jvm 1    | 2021/11/20 20:36:04 |  INFO | Connector openwire started
INFO   | jvm 1    | 2021/11/20 20:36:04 |  INFO | Listening for connections at: amqp://LAPTOP-MSNJ2LSA:5672?maximumConnections=1000&wireFormat.maxFrameSize=104857600
INFO   | jvm 1    | 2021/11/20 20:36:04 |  INFO | Connector amqp started
INFO   | jvm 1    | 2021/11/20 20:36:04 |  INFO | Listening for connections at: stomp://LAPTOP-MSNJ2LSA:61613?maximumConnections=1000&wireFormat.maxFrameSize=104857600
INFO   | jvm 1    | 2021/11/20 20:36:04 |  INFO | Connector stomp started
INFO   | jvm 1    | 2021/11/20 20:36:04 |  INFO | Listening for connections at: mqtt://LAPTOP-MSNJ2LSA:1883?maximumConnections=1000&wireFormat.maxFrameSize=104857600
INFO   | jvm 1    | 2021/11/20 20:36:04 |  INFO | Connector mqtt started
INFO   | jvm 1    | 2021/11/20 20:36:04 |  INFO | Starting Jetty server
INFO   | jvm 1    | 2021/11/20 20:36:04 |  INFO | Creating Jetty connector
INFO   | jvm 1    | 2021/11/20 20:36:04 |  WARN | ServletContext@o.e.j.s.ServletContextHandler@3be6ca80{/,null,STARTING} has uncovered http methods for path: /
INFO   | jvm 1    | 2021/11/20 20:36:04 |  INFO | Listening for connections at ws://LAPTOP-MSNJ2LSA:61614?maximumConnections=1000&wireFormat.maxFrameSize=104857600
INFO   | jvm 1    | 2021/11/20 20:36:04 |  INFO | Connector ws started
INFO   | jvm 1    | 2021/11/20 20:36:04 |  INFO | Apache ActiveMQ 5.16.3 (localhost, ID:LAPTOP-MSNJ2LSA-1156-1637415364343-0:1) started
INFO   | jvm 1    | 2021/11/20 20:36:04 |  INFO | For help or more information please see: http://activemq.apache.org
INFO   | jvm 1    | 2021/11/20 20:36:04 |  WARN | Store limit is 102400 mb (current store usage is 0 mb). The data directory: C:\Users\ASUS\Downloads\apache-activemq-5.16.3-bin\apache-activemq-5.16.3\bin\win64\..\..\data\kahadb only has 5333 mb of usable space. - resetting to maximum available disk space: 5333 mb
INFO   | jvm 1    | 2021/11/20 20:36:04 |  WARN | Temporary Store limit is 51200 mb (current store usage is 0 mb). The data directory: C:\Users\ASUS\Downloads\apache-activemq-5.16.3-bin\apache-activemq-5.16.3\bin\win64\..\..\data only has 5333 mb of usable space. - resetting to maximum available disk space: 5333 mb
INFO   | jvm 1    | 2021/11/20 20:36:05 |  INFO | ActiveMQ WebConsole available at http://127.0.0.1:8161/
INFO   | jvm 1    | 2021/11/20 20:36:05 |  INFO | ActiveMQ Jolokia REST API available at http://127.0.0.1:8161/api/jolokia/
INFO   | jvm 1    | 2021/11/20 21:30:46 |  WARN | /admin/deleteDestination.action
INFO   | jvm 1    | 2021/11/20 21:30:46 | javax.servlet.ServletException: javax.servlet.ServletException: org.springframework.web.util.NestedServletException: Request processing failed; nested exception is java.lang.UnsupportedOperationException: Possible CSRF attack
INFO   | jvm 1    | 2021/11/20 21:30:46 | 	at org.eclipse.jetty.server.handler.HandlerCollection.handle(HandlerCollection.java:162)
INFO   | jvm 1    | 2021/11/20 21:30:46 | 	at org.eclipse.jetty.server.handler.HandlerWrapper.handle(HandlerWrapper.java:127)
INFO   | jvm 1    | 2021/11/20 21:30:46 | 	at org.eclipse.jetty.server.Server.handle(Server.java:516)
INFO   | jvm 1    | 2021/11/20 21:30:46 | 	at org.eclipse.jetty.server.HttpChannel.lambda$handle$1(HttpChannel.java:388)
INFO   | jvm 1    | 2021/11/20 21:30:46 | 	at org.eclipse.jetty.server.HttpChannel.dispatch(HttpChannel.java:633)
INFO   | jvm 1    | 2021/11/20 21:30:46 | 	at org.eclipse.jetty.server.HttpChannel.handle(HttpChannel.java:380)
INFO   | jvm 1    | 2021/11/20 21:30:46 | 	at org.eclipse.jetty.server.HttpConnection.onFillable(HttpConnection.java:277)
INFO   | jvm 1    | 2021/11/20 21:30:46 | 	at org.eclipse.jetty.io.AbstractConnection$ReadCallback.succeeded(AbstractConnection.java:311)
INFO   | jvm 1    | 2021/11/20 21:30:46 | 	at org.eclipse.jetty.io.FillInterest.fillable(FillInterest.java:105)
INFO   | jvm 1    | 2021/11/20 21:30:46 | 	at org.eclipse.jetty.io.ChannelEndPoint$1.run(ChannelEndPoint.java:104)
INFO   | jvm 1    | 2021/11/20 21:30:46 | 	at org.eclipse.jetty.util.thread.strategy.EatWhatYouKill.runTask(EatWhatYouKill.java:338)
INFO   | jvm 1    | 2021/11/20 21:30:46 | 	at org.eclipse.jetty.util.thread.strategy.EatWhatYouKill.doProduce(EatWhatYouKill.java:315)
INFO   | jvm 1    | 2021/11/20 21:30:46 | 	at org.eclipse.jetty.util.thread.strategy.EatWhatYouKill.tryProduce(EatWhatYouKill.java:173)
INFO   | jvm 1    | 2021/11/20 21:30:46 | 	at org.eclipse.jetty.util.thread.strategy.EatWhatYouKill.run(EatWhatYouKill.java:131)
INFO   | jvm 1    | 2021/11/20 21:30:46 | 	at org.eclipse.jetty.util.thread.ReservedThreadExecutor$ReservedThread.run(ReservedThreadExecutor.java:386)
INFO   | jvm 1    | 2021/11/20 21:30:46 | 	at org.eclipse.jetty.util.thread.QueuedThreadPool.runJob(QueuedThreadPool.java:883)
INFO   | jvm 1    | 2021/11/20 21:30:46 | 	at org.eclipse.jetty.util.thread.QueuedThreadPool$Runner.run(QueuedThreadPool.java:1034)
INFO   | jvm 1    | 2021/11/20 21:30:46 | 	at java.base/java.lang.Thread.run(Thread.java:834)
INFO   | jvm 1    | 2021/11/20 21:30:46 | Caused by: javax.servlet.ServletException: org.springframework.web.util.NestedServletException: Request processing failed; nested exception is java.lang.UnsupportedOperationException: Possible CSRF attack
INFO   | jvm 1    | 2021/11/20 21:30:46 | 	at org.eclipse.jetty.server.handler.HandlerCollection.handle(HandlerCollection.java:162)
INFO   | jvm 1    | 2021/11/20 21:30:46 | 	at org.eclipse.jetty.security.SecurityHandler.handle(SecurityHandler.java:567)
INFO   | jvm 1    | 2021/11/20 21:30:46 | 	at org.eclipse.jetty.server.handler.HandlerCollection.handle(HandlerCollection.java:146)
INFO   | jvm 1    | 2021/11/20 21:30:46 | 	... 17 more
INFO   | jvm 1    | 2021/11/20 21:30:46 | Caused by: org.springframework.web.util.NestedServletException: Request processing failed; nested exception is java.lang.UnsupportedOperationException: Possible CSRF attack
INFO   | jvm 1    | 2021/11/20 21:30:46 | 	at org.springframework.web.servlet.FrameworkServlet.processRequest(FrameworkServlet.java:982)
INFO   | jvm 1    | 2021/11/20 21:30:46 | 	at org.springframework.web.servlet.FrameworkServlet.doGet(FrameworkServlet.java:861)
INFO   | jvm 1    | 2021/11/20 21:30:46 | 	at javax.servlet.http.HttpServlet.service(HttpServlet.java:687)
INFO   | jvm 1    | 2021/11/20 21:30:46 | 	at org.springframework.web.servlet.FrameworkServlet.service(FrameworkServlet.java:846)
INFO   | jvm 1    | 2021/11/20 21:30:46 | 	at javax.servlet.http.HttpServlet.service(HttpServlet.java:790)
INFO   | jvm 1    | 2021/11/20 21:30:46 | 	at org.eclipse.jetty.servlet.ServletHolder$NotAsync.service(ServletHolder.java:1459)
INFO   | jvm 1    | 2021/11/20 21:30:46 | 	at org.eclipse.jetty.servlet.ServletHolder.handle(ServletHolder.java:799)
INFO   | jvm 1    | 2021/11/20 21:30:46 | 	at org.eclipse.jetty.servlet.ServletHandler$ChainEnd.doFilter(ServletHandler.java:1626)
INFO   | jvm 1    | 2021/11/20 21:30:46 | 	at org.eclipse.jetty.websocket.server.WebSocketUpgradeFilter.doFilter(WebSocketUpgradeFilter.java:228)
INFO   | jvm 1    | 2021/11/20 21:30:46 | 	at org.eclipse.jetty.servlet.FilterHolder.doFilter(FilterHolder.java:193)
INFO   | jvm 1    | 2021/11/20 21:30:46 | 	at org.eclipse.jetty.servlet.ServletHandler$Chain.doFilter(ServletHandler.java:1601)
INFO   | jvm 1    | 2021/11/20 21:30:46 | 	at org.apache.activemq.web.AuditFilter.doFilter(AuditFilter.java:59)
INFO   | jvm 1    | 2021/11/20 21:30:46 | 	at org.eclipse.jetty.servlet.FilterHolder.doFilter(FilterHolder.java:193)
INFO   | jvm 1    | 2021/11/20 21:30:46 | 	at org.eclipse.jetty.servlet.ServletHandler$Chain.doFilter(ServletHandler.java:1601)
INFO   | jvm 1    | 2021/11/20 21:30:46 | 	at org.springframework.web.filter.RequestContextFilter.doFilterInternal(RequestContextFilter.java:99)
INFO   | jvm 1    | 2021/11/20 21:30:46 | 	at org.springframework.web.filter.OncePerRequestFilter.doFilter(OncePerRequestFilter.java:107)
INFO   | jvm 1    | 2021/11/20 21:30:46 | 	at org.eclipse.jetty.servlet.FilterHolder.doFilter(FilterHolder.java:193)
INFO   | jvm 1    | 2021/11/20 21:30:46 | 	at org.eclipse.jetty.servlet.ServletHandler$Chain.doFilter(ServletHandler.java:1601)
INFO   | jvm 1    | 2021/11/20 21:30:46 | 	at org.apache.activemq.web.filter.ApplicationContextFilter.doFilter(ApplicationContextFilter.java:102)
INFO   | jvm 1    | 2021/11/20 21:30:46 | 	at org.eclipse.jetty.servlet.FilterHolder.doFilter(FilterHolder.java:201)
INFO   | jvm 1    | 2021/11/20 21:30:46 | 	at org.eclipse.jetty.servlet.ServletHandler$Chain.doFilter(ServletHandler.java:1601)
INFO   | jvm 1    | 2021/11/20 21:30:46 | 	at org.eclipse.jetty.servlet.ServletHandler.doHandle(ServletHandler.java:548)
INFO   | jvm 1    | 2021/11/20 21:30:46 | 	at org.eclipse.jetty.server.handler.ScopedHandler.handle(ScopedHandler.java:143)
INFO   | jvm 1    | 2021/11/20 21:30:46 | 	at org.eclipse.jetty.security.SecurityHandler.handle(SecurityHandler.java:567)
INFO   | jvm 1    | 2021/11/20 21:30:46 | 	at org.eclipse.jetty.server.handler.HandlerWrapper.handle(HandlerWrapper.java:127)
INFO   | jvm 1    | 2021/11/20 21:30:46 | 	at org.eclipse.jetty.server.handler.ScopedHandler.nextHandle(ScopedHandler.java:235)
INFO   | jvm 1    | 2021/11/20 21:30:46 | 	at org.eclipse.jetty.server.session.SessionHandler.doHandle(SessionHandler.java:1624)
INFO   | jvm 1    | 2021/11/20 21:30:46 | 	at org.eclipse.jetty.server.handler.ScopedHandler.nextHandle(ScopedHandler.java:233)
INFO   | jvm 1    | 2021/11/20 21:30:46 | 	at org.eclipse.jetty.server.handler.ContextHandler.doHandle(ContextHandler.java:1434)
INFO   | jvm 1    | 2021/11/20 21:30:46 | 	at org.eclipse.jetty.server.handler.ScopedHandler.nextScope(ScopedHandler.java:188)
INFO   | jvm 1    | 2021/11/20 21:30:46 | 	at org.eclipse.jetty.servlet.ServletHandler.doScope(ServletHandler.java:501)
INFO   | jvm 1    | 2021/11/20 21:30:46 | 	at org.eclipse.jetty.server.session.SessionHandler.doScope(SessionHandler.java:1594)
INFO   | jvm 1    | 2021/11/20 21:30:46 | 	at org.eclipse.jetty.server.handler.ScopedHandler.nextScope(ScopedHandler.java:186)
INFO   | jvm 1    | 2021/11/20 21:30:46 | 	at org.eclipse.jetty.server.handler.ContextHandler.doScope(ContextHandler.java:1349)
INFO   | jvm 1    | 2021/11/20 21:30:46 | 	at org.eclipse.jetty.server.handler.ScopedHandler.handle(ScopedHandler.java:141)
INFO   | jvm 1    | 2021/11/20 21:30:46 | 	at org.eclipse.jetty.server.handler.HandlerCollection.handle(HandlerCollection.java:146)
INFO   | jvm 1    | 2021/11/20 21:30:46 | 	... 19 more
INFO   | jvm 1    | 2021/11/20 21:30:46 | Caused by: java.lang.UnsupportedOperationException: Possible CSRF attack
INFO   | jvm 1    | 2021/11/20 21:30:46 | 	at org.apache.activemq.web.handler.BindingBeanNameUrlHandlerMapping.getHandlerInternal(BindingBeanNameUrlHandlerMapping.java:59)
INFO   | jvm 1    | 2021/11/20 21:30:46 | 	at org.springframework.web.servlet.handler.AbstractHandlerMapping.getHandler(AbstractHandlerMapping.java:353)
INFO   | jvm 1    | 2021/11/20 21:30:46 | 	at org.springframework.web.servlet.DispatcherServlet.getHandler(DispatcherServlet.java:1160)
INFO   | jvm 1    | 2021/11/20 21:30:46 | 	at org.springframework.web.servlet.DispatcherServlet.doDispatch(DispatcherServlet.java:940)
INFO   | jvm 1    | 2021/11/20 21:30:46 | 	at org.springframework.web.servlet.DispatcherServlet.doService(DispatcherServlet.java:901)
INFO   | jvm 1    | 2021/11/20 21:30:46 | 	at org.springframework.web.servlet.FrameworkServlet.processRequest(FrameworkServlet.java:970)
INFO   | jvm 1    | 2021/11/20 21:30:46 | 	... 54 more
STATUS | wrapper  | 2021/11/20 21:53:26 | CTRL-C trapped.  Shutting down.
INFO   | jvm 1    | 2021/11/20 21:53:28 |  INFO | Apache ActiveMQ 5.16.3 (localhost, ID:LAPTOP-MSNJ2LSA-1156-1637415364343-0:1) is shutting down
INFO   | jvm 1    | 2021/11/20 21:53:28 |  INFO | socketQueue interrupted - stopping
INFO   | jvm 1    | 2021/11/20 21:53:28 |  INFO | Connector openwire stopped
INFO   | jvm 1    | 2021/11/20 21:53:28 |  INFO | Could not accept connection during shutdown  : null (null)
INFO   | jvm 1    | 2021/11/20 21:53:28 |  INFO | socketQueue interrupted - stopping
INFO   | jvm 1    | 2021/11/20 21:53:28 |  INFO | Connector amqp stopped
INFO   | jvm 1    | 2021/11/20 21:53:28 |  INFO | Could not accept connection during shutdown  : null (null)
INFO   | jvm 1    | 2021/11/20 21:53:28 |  INFO | socketQueue interrupted - stopping
INFO   | jvm 1    | 2021/11/20 21:53:28 |  INFO | Could not accept connection during shutdown  : null (null)
INFO   | jvm 1    | 2021/11/20 21:53:28 |  INFO | Connector stomp stopped
INFO   | jvm 1    | 2021/11/20 21:53:28 |  INFO | Connector mqtt stopped
INFO   | jvm 1    | 2021/11/20 21:53:28 |  INFO | Connector ws stopped
INFO   | jvm 1    | 2021/11/20 21:53:28 |  INFO | PListStore:[C:\Users\ASUS\Downloads\apache-activemq-5.16.3-bin\apache-activemq-5.16.3\bin\win64\..\..\data\localhost\tmp_storage] stopped
INFO   | jvm 1    | 2021/11/20 21:53:28 |  INFO | Stopping async queue tasks
INFO   | jvm 1    | 2021/11/20 21:53:28 |  INFO | Stopping async topic tasks
INFO   | jvm 1    | 2021/11/20 21:53:28 |  INFO | Stopped KahaDB
INFO   | jvm 1    | 2021/11/20 21:53:28 |  INFO | Apache ActiveMQ 5.16.3 (localhost, ID:LAPTOP-MSNJ2LSA-1156-1637415364343-0:1) uptime 1 hour 17 minutes
INFO   | jvm 1    | 2021/11/20 21:53:28 |  INFO | Apache ActiveMQ 5.16.3 (localhost, ID:LAPTOP-MSNJ2LSA-1156-1637415364343-0:1) is shutdown
INFO   | jvm 1    | 2021/11/20 21:53:28 |  INFO | Closing org.apache.activemq.xbean.XBeanBrokerFactory$1@50d8bb46: startup date [Sat Nov 20 20:36:03 ICT 2021]; root of context hierarchy
STATUS | wrapper  | 2021/11/20 21:53:29 | <-- Wrapper Stopped
STATUS | wrapper  | 2021/11/20 21:54:01 | --> Wrapper Started as Console
STATUS | wrapper  | 2021/11/20 21:54:01 | Launching a JVM...
INFO   | jvm 1    | 2021/11/20 21:54:02 | Wrapper (Version 3.2.3) http://wrapper.tanukisoftware.org
INFO   | jvm 1    | 2021/11/20 21:54:02 |   Copyright 1999-2006 Tanuki Software, Inc.  All Rights Reserved.
INFO   | jvm 1    | 2021/11/20 21:54:02 | 
INFO   | jvm 1    | 2021/11/20 21:54:02 | Java Runtime: Oracle Corporation 11.0.13 C:\Program Files\Java\jdk-11.0.13
INFO   | jvm 1    | 2021/11/20 21:54:02 |   Heap sizes: current=260096k  free=249856k  max=1048576k
INFO   | jvm 1    | 2021/11/20 21:54:02 |     JVM args: -Dactivemq.home=../.. -Dactivemq.base=../.. -Djavax.net.ssl.keyStorePassword=password -Djavax.net.ssl.trustStorePassword=password -Djavax.net.ssl.keyStore=../../conf/broker.ks -Djavax.net.ssl.trustStore=../../conf/broker.ts -Dcom.sun.management.jmxremote -Dorg.apache.activemq.UseDedicatedTaskRunner=true -Djava.util.logging.config.file=logging.properties -Dactivemq.conf=../../conf -Dactivemq.data=../../data -Djava.security.auth.login.config=../../conf/login.config -Xmx1024m -Djava.library.path=../../bin/win64 -Dwrapper.key=X1njTvEA9mnK2SJS -Dwrapper.port=32000 -Dwrapper.jvm.port.min=31000 -Dwrapper.jvm.port.max=31999 -Dwrapper.pid=14444 -Dwrapper.version=3.2.3 -Dwrapper.native_library=wrapper -Dwrapper.cpu.timeout=10 -Dwrapper.jvmid=1
INFO   | jvm 1    | 2021/11/20 21:54:02 | Extensions classpath:
INFO   | jvm 1    | 2021/11/20 21:54:02 |   [..\..\lib,..\..\lib\camel,..\..\lib\optional,..\..\lib\web,..\..\lib\extra]
INFO   | jvm 1    | 2021/11/20 21:54:02 | ACTIVEMQ_HOME: ..\..
INFO   | jvm 1    | 2021/11/20 21:54:02 | ACTIVEMQ_BASE: ..\..
INFO   | jvm 1    | 2021/11/20 21:54:02 | ACTIVEMQ_CONF: ..\..\conf
INFO   | jvm 1    | 2021/11/20 21:54:02 | ACTIVEMQ_DATA: ..\..\data
INFO   | jvm 1    | 2021/11/20 21:54:02 | Loading message broker from: xbean:activemq.xml
INFO   | jvm 1    | 2021/11/20 21:54:02 |  INFO | Refreshing org.apache.activemq.xbean.XBeanBrokerFactory$1@3bf81f31: startup date [Sat Nov 20 21:54:02 ICT 2021]; root of context hierarchy
INFO   | jvm 1    | 2021/11/20 21:54:03 |  INFO | Using Persistence Adapter: KahaDBPersistenceAdapter[C:\Users\ASUS\Downloads\apache-activemq-5.16.3-bin\apache-activemq-5.16.3\bin\win64\..\..\data\kahadb]
INFO   | jvm 1    | 2021/11/20 21:54:03 |  INFO | KahaDB is version 7
INFO   | jvm 1    | 2021/11/20 21:54:03 |  INFO | PListStore:[C:\Users\ASUS\Downloads\apache-activemq-5.16.3-bin\apache-activemq-5.16.3\bin\win64\..\..\data\localhost\tmp_storage] started
INFO   | jvm 1    | 2021/11/20 21:54:03 |  INFO | Apache ActiveMQ 5.16.3 (localhost, ID:LAPTOP-MSNJ2LSA-12275-1637420043665-0:1) is starting
INFO   | jvm 1    | 2021/11/20 21:54:03 |  INFO | Listening for connections at: tcp://LAPTOP-MSNJ2LSA:61616?maximumConnections=1000&wireFormat.maxFrameSize=104857600
INFO   | jvm 1    | 2021/11/20 21:54:03 |  INFO | Connector openwire started
INFO   | jvm 1    | 2021/11/20 21:54:03 |  INFO | Listening for connections at: amqp://LAPTOP-MSNJ2LSA:5672?maximumConnections=1000&wireFormat.maxFrameSize=104857600
INFO   | jvm 1    | 2021/11/20 21:54:03 |  INFO | Connector amqp started
INFO   | jvm 1    | 2021/11/20 21:54:03 |  INFO | Listening for connections at: stomp://LAPTOP-MSNJ2LSA:61613?maximumConnections=1000&wireFormat.maxFrameSize=104857600
INFO   | jvm 1    | 2021/11/20 21:54:03 |  INFO | Connector stomp started
INFO   | jvm 1    | 2021/11/20 21:54:03 |  INFO | Listening for connections at: mqtt://LAPTOP-MSNJ2LSA:1883?maximumConnections=1000&wireFormat.maxFrameSize=104857600
INFO   | jvm 1    | 2021/11/20 21:54:03 |  INFO | Connector mqtt started
INFO   | jvm 1    | 2021/11/20 21:54:03 |  INFO | Starting Jetty server
INFO   | jvm 1    | 2021/11/20 21:54:04 |  INFO | Creating Jetty connector
INFO   | jvm 1    | 2021/11/20 21:54:04 |  WARN | ServletContext@o.e.j.s.ServletContextHandler@4a2a04e2{/,null,STARTING} has uncovered http methods for path: /
INFO   | jvm 1    | 2021/11/20 21:54:04 |  INFO | Listening for connections at ws://LAPTOP-MSNJ2LSA:61614?maximumConnections=1000&wireFormat.maxFrameSize=104857600
INFO   | jvm 1    | 2021/11/20 21:54:04 |  INFO | Connector ws started
INFO   | jvm 1    | 2021/11/20 21:54:04 |  INFO | Apache ActiveMQ 5.16.3 (localhost, ID:LAPTOP-MSNJ2LSA-12275-1637420043665-0:1) started
INFO   | jvm 1    | 2021/11/20 21:54:04 |  INFO | For help or more information please see: http://activemq.apache.org
INFO   | jvm 1    | 2021/11/20 21:54:04 |  WARN | Store limit is 102400 mb (current store usage is 0 mb). The data directory: C:\Users\ASUS\Downloads\apache-activemq-5.16.3-bin\apache-activemq-5.16.3\bin\win64\..\..\data\kahadb only has 5824 mb of usable space. - resetting to maximum available disk space: 5824 mb
INFO   | jvm 1    | 2021/11/20 21:54:04 |  WARN | Temporary Store limit is 51200 mb (current store usage is 0 mb). The data directory: C:\Users\ASUS\Downloads\apache-activemq-5.16.3-bin\apache-activemq-5.16.3\bin\win64\..\..\data only has 5824 mb of usable space. - resetting to maximum available disk space: 5824 mb
INFO   | jvm 1    | 2021/11/20 21:54:05 |  INFO | ActiveMQ WebConsole available at http://127.0.0.1:8161/
INFO   | jvm 1    | 2021/11/20 21:54:05 |  INFO | ActiveMQ Jolokia REST API available at http://127.0.0.1:8161/api/jolokia/
FATAL  | wrapper  | 2021/11/20 22:14:20 | OpenSCManager failed - Access is denied. (0x5)
FATAL  | wrapper  | 2021/11/20 22:14:32 | OpenSCManager failed - Access is denied. (0x5)
FATAL  | wrapper  | 2021/11/20 22:16:46 | OpenSCManager failed - Access is denied. (0x5)
